2018-12-11 11:18:09.213 [main] INFO  o.s.c.a.AnnotationConfigApplicationContext -Refreshing org.springframework.context.annotation.AnnotationConfigApplicationContext@1165b38: startup date [Tue Dec 11 11:18:09 CST 2018]; root of context hierarchy
2018-12-11 11:18:09.423 [background-preinit] INFO  o.h.validator.internal.util.Version -HV000001: Hibernate Validator 5.3.6.Final
2018-12-11 11:18:09.439 [main] INFO  o.s.b.f.a.AutowiredAnnotationBeanPostProcessor -JSR-330 'javax.inject.Inject' annotation found and supported for autowiring
2018-12-11 11:18:09.484 [main] INFO  o.s.c.s.PostProcessorRegistrationDelegate$BeanPostProcessorChecker -Bean 'configurationPropertiesRebinderAutoConfiguration' of type [org.springframework.cloud.autoconfigure.ConfigurationPropertiesRebinderAutoConfiguration$$EnhancerBySpringCGLIB$$1a26ce66] is not eligible for getting processed by all BeanPostProcessors (for example: not eligible for auto-proxying)
2018-12-11 11:18:10.230 [main] INFO  com.nextsgo.EurekaServerMaster -The following profiles are active: master
2018-12-11 11:18:10.245 [main] INFO  o.s.b.c.e.AnnotationConfigEmbeddedWebApplicationContext -Refreshing org.springframework.boot.context.embedded.AnnotationConfigEmbeddedWebApplicationContext@61c9c3fd: startup date [Tue Dec 11 11:18:10 CST 2018]; parent: org.springframework.context.annotation.AnnotationConfigApplicationContext@1165b38
2018-12-11 11:18:11.125 [main] INFO  o.s.cloud.context.scope.GenericScope -BeanFactory id=d79249dc-1362-342b-96fe-3eef6071de74
2018-12-11 11:18:11.143 [main] INFO  o.s.b.f.a.AutowiredAnnotationBeanPostProcessor -JSR-330 'javax.inject.Inject' annotation found and supported for autowiring
2018-12-11 11:18:11.195 [main] INFO  o.s.c.s.PostProcessorRegistrationDelegate$BeanPostProcessorChecker -Bean 'org.springframework.cloud.netflix.metrics.MetricsInterceptorConfiguration$MetricsRestTemplateConfiguration' of type [org.springframework.cloud.netflix.metrics.MetricsInterceptorConfiguration$MetricsRestTemplateConfiguration$$EnhancerBySpringCGLIB$$303971aa] is not eligible for getting processed by all BeanPostProcessors (for example: not eligible for auto-proxying)
2018-12-11 11:18:11.204 [main] INFO  o.s.c.s.PostProcessorRegistrationDelegate$BeanPostProcessorChecker -Bean 'org.springframework.cloud.autoconfigure.ConfigurationPropertiesRebinderAutoConfiguration' of type [org.springframework.cloud.autoconfigure.ConfigurationPropertiesRebinderAutoConfiguration$$EnhancerBySpringCGLIB$$1a26ce66] is not eligible for getting processed by all BeanPostProcessors (for example: not eligible for auto-proxying)
2018-12-11 11:18:11.574 [main] INFO  o.s.b.c.e.t.TomcatEmbeddedServletContainer -Tomcat initialized with port(s): 7998 (http)
2018-12-11 11:18:11.585 [main] INFO  o.a.catalina.core.StandardService -Starting service [Tomcat]
2018-12-11 11:18:11.585 [main] INFO  o.a.catalina.core.StandardEngine -Starting Servlet Engine: Apache Tomcat/8.5.23
2018-12-11 11:18:11.764 [localhost-startStop-1] INFO  o.a.c.c.C.[Tomcat].[localhost].[/] -Initializing Spring embedded WebApplicationContext
2018-12-11 11:18:11.764 [localhost-startStop-1] INFO  o.s.web.context.ContextLoader -Root WebApplicationContext: initialization completed in 1519 ms
2018-12-11 11:18:12.406 [localhost-startStop-1] INFO  o.s.b.w.s.FilterRegistrationBean -Mapping filter: 'metricsFilter' to: [/*]
2018-12-11 11:18:12.406 [localhost-startStop-1] INFO  o.s.b.w.s.FilterRegistrationBean -Mapping filter: 'characterEncodingFilter' to: [/*]
2018-12-11 11:18:12.407 [localhost-startStop-1] INFO  o.s.b.w.s.FilterRegistrationBean -Mapping filter: 'hiddenHttpMethodFilter' to: [/*]
2018-12-11 11:18:12.407 [localhost-startStop-1] INFO  o.s.b.w.s.FilterRegistrationBean -Mapping filter: 'httpPutFormContentFilter' to: [/*]
2018-12-11 11:18:12.407 [localhost-startStop-1] INFO  o.s.b.w.s.FilterRegistrationBean -Mapping filter: 'requestContextFilter' to: [/*]
2018-12-11 11:18:12.408 [localhost-startStop-1] INFO  o.s.b.w.s.DelegatingFilterProxyRegistrationBean -Mapping filter: 'springSecurityFilterChain' to: [/*]
2018-12-11 11:18:12.408 [localhost-startStop-1] INFO  o.s.b.w.s.FilterRegistrationBean -Mapping filter: 'webRequestTraceFilter' to: [/*]
2018-12-11 11:18:12.408 [localhost-startStop-1] INFO  o.s.b.w.s.FilterRegistrationBean -Mapping filter: 'servletContainer' to urls: [/eureka/*]
2018-12-11 11:18:12.408 [localhost-startStop-1] INFO  o.s.b.w.s.FilterRegistrationBean -Mapping filter: 'applicationContextIdFilter' to: [/*]
2018-12-11 11:18:12.408 [localhost-startStop-1] INFO  o.s.b.w.s.ServletRegistrationBean -Mapping servlet: 'dispatcherServlet' to [/]
2018-12-11 11:18:12.474 [localhost-startStop-1] INFO  c.s.j.s.i.a.WebApplicationImpl -Initiating Jersey application, version 'Jersey: 1.19.1 03/11/2016 02:08 PM'
2018-12-11 11:18:12.543 [localhost-startStop-1] INFO  c.n.d.p.DiscoveryJerseyProvider -Using JSON encoding codec LegacyJacksonJson
2018-12-11 11:18:12.544 [localhost-startStop-1] INFO  c.n.d.p.DiscoveryJerseyProvider -Using JSON decoding codec LegacyJacksonJson
2018-12-11 11:18:12.627 [localhost-startStop-1] INFO  c.n.d.p.DiscoveryJerseyProvider -Using XML encoding codec XStreamXml
2018-12-11 11:18:12.628 [localhost-startStop-1] INFO  c.n.d.p.DiscoveryJerseyProvider -Using XML decoding codec XStreamXml
2018-12-11 11:18:13.581 [main] WARN  c.n.c.sources.URLConfigurationSource -No URLs will be polled as dynamic configuration sources.
2018-12-11 11:18:13.581 [main] INFO  c.n.c.sources.URLConfigurationSource -To enable URLs as dynamic configuration sources, define System property archaius.configurationSource.additionalUrls or make config.properties available on classpath.
2018-12-11 11:18:13.585 [main] WARN  c.n.c.sources.URLConfigurationSource -No URLs will be polled as dynamic configuration sources.
2018-12-11 11:18:13.585 [main] INFO  c.n.c.sources.URLConfigurationSource -To enable URLs as dynamic configuration sources, define System property archaius.configurationSource.additionalUrls or make config.properties available on classpath.
2018-12-11 11:18:13.906 [main] INFO  o.s.w.s.m.m.a.RequestMappingHandlerAdapter -Looking for @ControllerAdvice: org.springframework.boot.context.embedded.AnnotationConfigEmbeddedWebApplicationContext@61c9c3fd: startup date [Tue Dec 11 11:18:10 CST 2018]; parent: org.springframework.context.annotation.AnnotationConfigApplicationContext@1165b38
2018-12-11 11:18:14.000 [main] INFO  o.s.w.s.m.m.a.RequestMappingHandlerMapping -Mapped "{[/error]}" onto public org.springframework.http.ResponseEntity<java.util.Map<java.lang.String, java.lang.Object>> org.springframework.boot.autoconfigure.web.BasicErrorController.error(javax.servlet.http.HttpServletRequest)
2018-12-11 11:18:14.001 [main] INFO  o.s.w.s.m.m.a.RequestMappingHandlerMapping -Mapped "{[/error],produces=[text/html]}" onto public org.springframework.web.servlet.ModelAndView org.springframework.boot.autoconfigure.web.BasicErrorController.errorHtml(javax.servlet.http.HttpServletRequest,javax.servlet.http.HttpServletResponse)
2018-12-11 11:18:14.007 [main] INFO  o.s.w.s.m.m.a.RequestMappingHandlerMapping -Mapped "{[/],methods=[GET]}" onto public java.lang.String org.springframework.cloud.netflix.eureka.server.EurekaController.status(javax.servlet.http.HttpServletRequest,java.util.Map<java.lang.String, java.lang.Object>)
2018-12-11 11:18:14.007 [main] INFO  o.s.w.s.m.m.a.RequestMappingHandlerMapping -Mapped "{[/lastn],methods=[GET]}" onto public java.lang.String org.springframework.cloud.netflix.eureka.server.EurekaController.lastn(javax.servlet.http.HttpServletRequest,java.util.Map<java.lang.String, java.lang.Object>)
2018-12-11 11:18:14.038 [main] INFO  o.s.w.s.h.SimpleUrlHandlerMapping -Mapped URL path [/webjars/**] onto handler of type [class org.springframework.web.servlet.resource.ResourceHttpRequestHandler]
2018-12-11 11:18:14.038 [main] INFO  o.s.w.s.h.SimpleUrlHandlerMapping -Mapped URL path [/**] onto handler of type [class org.springframework.web.servlet.resource.ResourceHttpRequestHandler]
2018-12-11 11:18:14.079 [main] INFO  o.s.w.s.h.SimpleUrlHandlerMapping -Mapped URL path [/**/favicon.ico] onto handler of type [class org.springframework.web.servlet.resource.ResourceHttpRequestHandler]
2018-12-11 11:18:14.395 [main] INFO  o.s.s.web.DefaultSecurityFilterChain -Creating filter chain: OrRequestMatcher [requestMatchers=[Ant [pattern='/css/**'], Ant [pattern='/js/**'], Ant [pattern='/images/**'], Ant [pattern='/webjars/**'], Ant [pattern='/**/favicon.ico'], Ant [pattern='/error']]], []
2018-12-11 11:18:14.774 [main] INFO  o.s.b.a.e.mvc.EndpointHandlerMapping -Mapped "{[/trace || /trace.json],methods=[GET],produces=[application/vnd.spring-boot.actuator.v1+json || application/json]}" onto public java.lang.Object org.springframework.boot.actuate.endpoint.mvc.EndpointMvcAdapter.invoke()
2018-12-11 11:18:14.775 [main] INFO  o.s.b.a.e.mvc.EndpointHandlerMapping -Mapped "{[/resume || /resume.json],methods=[POST]}" onto public java.lang.Object org.springframework.cloud.endpoint.GenericPostableMvcEndpoint.invoke()
2018-12-11 11:18:14.775 [main] INFO  o.s.b.a.e.mvc.EndpointHandlerMapping -Mapped "{[/features || /features.json],methods=[GET],produces=[application/vnd.spring-boot.actuator.v1+json || application/json]}" onto public java.lang.Object org.springframework.boot.actuate.endpoint.mvc.EndpointMvcAdapter.invoke()
2018-12-11 11:18:14.776 [main] INFO  o.s.b.a.e.mvc.EndpointHandlerMapping -Mapped "{[/refresh || /refresh.json],methods=[POST]}" onto public java.lang.Object org.springframework.cloud.endpoint.GenericPostableMvcEndpoint.invoke()
2018-12-11 11:18:14.776 [main] INFO  o.s.b.a.e.mvc.EndpointHandlerMapping -Mapped "{[/restart || /restart.json],methods=[POST]}" onto public java.lang.Object org.springframework.cloud.context.restart.RestartMvcEndpoint.invoke()
2018-12-11 11:18:14.776 [main] INFO  o.s.b.a.e.mvc.EndpointHandlerMapping -Mapped "{[/mappings || /mappings.json],methods=[GET],produces=[application/vnd.spring-boot.actuator.v1+json || application/json]}" onto public java.lang.Object org.springframework.boot.actuate.endpoint.mvc.EndpointMvcAdapter.invoke()
2018-12-11 11:18:14.777 [main] INFO  o.s.b.a.e.mvc.EndpointHandlerMapping -Mapped "{[/service-registry/instance-status],methods=[GET]}" onto public org.springframework.http.ResponseEntity org.springframework.cloud.client.serviceregistry.endpoint.ServiceRegistryEndpoint.getStatus()
2018-12-11 11:18:14.777 [main] INFO  o.s.b.a.e.mvc.EndpointHandlerMapping -Mapped "{[/service-registry/instance-status],methods=[POST]}" onto public org.springframework.http.ResponseEntity<?> org.springframework.cloud.client.serviceregistry.endpoint.ServiceRegistryEndpoint.setStatus(java.lang.String)
2018-12-11 11:18:14.779 [main] INFO  o.s.b.a.e.mvc.EndpointHandlerMapping -Mapped "{[/heapdump || /heapdump.json],methods=[GET],produces=[application/octet-stream]}" onto public void org.springframework.boot.actuate.endpoint.mvc.HeapdumpMvcEndpoint.invoke(boolean,javax.servlet.http.HttpServletRequest,javax.servlet.http.HttpServletResponse) throws java.io.IOException,javax.servlet.ServletException
2018-12-11 11:18:14.779 [main] INFO  o.s.b.a.e.mvc.EndpointHandlerMapping -Mapped "{[/metrics/{name:.*}],methods=[GET],produces=[application/vnd.spring-boot.actuator.v1+json || application/json]}" onto public java.lang.Object org.springframework.boot.actuate.endpoint.mvc.MetricsMvcEndpoint.value(java.lang.String)
2018-12-11 11:18:14.780 [main] INFO  o.s.b.a.e.mvc.EndpointHandlerMapping -Mapped "{[/metrics || /metrics.json],methods=[GET],produces=[application/vnd.spring-boot.actuator.v1+json || application/json]}" onto public java.lang.Object org.springframework.boot.actuate.endpoint.mvc.EndpointMvcAdapter.invoke()
2018-12-11 11:18:14.780 [main] INFO  o.s.b.a.e.mvc.EndpointHandlerMapping -Mapped "{[/env],methods=[POST]}" onto public java.lang.Object org.springframework.cloud.context.environment.EnvironmentManagerMvcEndpoint.value(java.util.Map<java.lang.String, java.lang.String>)
2018-12-11 11:18:14.780 [main] INFO  o.s.b.a.e.mvc.EndpointHandlerMapping -Mapped "{[/env/reset],methods=[POST]}" onto public java.util.Map<java.lang.String, java.lang.Object> org.springframework.cloud.context.environment.EnvironmentManagerMvcEndpoint.reset()
2018-12-11 11:18:14.781 [main] INFO  o.s.b.a.e.mvc.EndpointHandlerMapping -Mapped "{[/info || /info.json],methods=[GET],produces=[application/vnd.spring-boot.actuator.v1+json || application/json]}" onto public java.lang.Object org.springframework.boot.actuate.endpoint.mvc.EndpointMvcAdapter.invoke()
2018-12-11 11:18:14.782 [main] INFO  o.s.b.a.e.mvc.EndpointHandlerMapping -Mapped "{[/configprops || /configprops.json],methods=[GET],produces=[application/vnd.spring-boot.actuator.v1+json || application/json]}" onto public java.lang.Object org.springframework.boot.actuate.endpoint.mvc.EndpointMvcAdapter.invoke()
2018-12-11 11:18:14.784 [main] INFO  o.s.b.a.e.mvc.EndpointHandlerMapping -Mapped "{[/loggers/{name:.*}],methods=[GET],produces=[application/vnd.spring-boot.actuator.v1+json || application/json]}" onto public java.lang.Object org.springframework.boot.actuate.endpoint.mvc.LoggersMvcEndpoint.get(java.lang.String)
2018-12-11 11:18:14.784 [main] INFO  o.s.b.a.e.mvc.EndpointHandlerMapping -Mapped "{[/loggers/{name:.*}],methods=[POST],consumes=[application/vnd.spring-boot.actuator.v1+json || application/json],produces=[application/vnd.spring-boot.actuator.v1+json || application/json]}" onto public java.lang.Object org.springframework.boot.actuate.endpoint.mvc.LoggersMvcEndpoint.set(java.lang.String,java.util.Map<java.lang.String, java.lang.String>)
2018-12-11 11:18:14.784 [main] INFO  o.s.b.a.e.mvc.EndpointHandlerMapping -Mapped "{[/loggers || /loggers.json],methods=[GET],produces=[application/vnd.spring-boot.actuator.v1+json || application/json]}" onto public java.lang.Object org.springframework.boot.actuate.endpoint.mvc.EndpointMvcAdapter.invoke()
2018-12-11 11:18:14.785 [main] INFO  o.s.b.a.e.mvc.EndpointHandlerMapping -Mapped "{[/beans || /beans.json],methods=[GET],produces=[application/vnd.spring-boot.actuator.v1+json || application/json]}" onto public java.lang.Object org.springframework.boot.actuate.endpoint.mvc.EndpointMvcAdapter.invoke()
2018-12-11 11:18:14.785 [main] INFO  o.s.b.a.e.mvc.EndpointHandlerMapping -Mapped "{[/dump || /dump.json],methods=[GET],produces=[application/vnd.spring-boot.actuator.v1+json || application/json]}" onto public java.lang.Object org.springframework.boot.actuate.endpoint.mvc.EndpointMvcAdapter.invoke()
2018-12-11 11:18:14.785 [main] INFO  o.s.b.a.e.mvc.EndpointHandlerMapping -Mapped "{[/pause || /pause.json],methods=[POST]}" onto public java.lang.Object org.springframework.cloud.endpoint.GenericPostableMvcEndpoint.invoke()
2018-12-11 11:18:14.786 [main] INFO  o.s.b.a.e.mvc.EndpointHandlerMapping -Mapped "{[/autoconfig || /autoconfig.json],methods=[GET],produces=[application/vnd.spring-boot.actuator.v1+json || application/json]}" onto public java.lang.Object org.springframework.boot.actuate.endpoint.mvc.EndpointMvcAdapter.invoke()
2018-12-11 11:18:14.786 [main] INFO  o.s.b.a.e.mvc.EndpointHandlerMapping -Mapped "{[/health || /health.json],methods=[GET],produces=[application/vnd.spring-boot.actuator.v1+json || application/json]}" onto public java.lang.Object org.springframework.boot.actuate.endpoint.mvc.HealthMvcEndpoint.invoke(javax.servlet.http.HttpServletRequest,java.security.Principal)
2018-12-11 11:18:14.786 [main] INFO  o.s.b.a.e.mvc.EndpointHandlerMapping -Mapped "{[/archaius || /archaius.json],methods=[GET],produces=[application/vnd.spring-boot.actuator.v1+json || application/json]}" onto public java.lang.Object org.springframework.boot.actuate.endpoint.mvc.EndpointMvcAdapter.invoke()
2018-12-11 11:18:14.787 [main] INFO  o.s.b.a.e.mvc.EndpointHandlerMapping -Mapped "{[/env/{name:.*}],methods=[GET],produces=[application/vnd.spring-boot.actuator.v1+json || application/json]}" onto public java.lang.Object org.springframework.boot.actuate.endpoint.mvc.EnvironmentMvcEndpoint.value(java.lang.String)
2018-12-11 11:18:14.787 [main] INFO  o.s.b.a.e.mvc.EndpointHandlerMapping -Mapped "{[/env || /env.json],methods=[GET],produces=[application/vnd.spring-boot.actuator.v1+json || application/json]}" onto public java.lang.Object org.springframework.boot.actuate.endpoint.mvc.EndpointMvcAdapter.invoke()
2018-12-11 11:18:14.788 [main] INFO  o.s.b.a.e.mvc.EndpointHandlerMapping -Mapped "{[/auditevents || /auditevents.json],methods=[GET],produces=[application/vnd.spring-boot.actuator.v1+json || application/json]}" onto public org.springframework.http.ResponseEntity<?> org.springframework.boot.actuate.endpoint.mvc.AuditEventsMvcEndpoint.findByPrincipalAndAfterAndType(java.lang.String,java.util.Date,java.lang.String)
2018-12-11 11:18:14.789 [main] INFO  o.s.s.web.DefaultSecurityFilterChain -Creating filter chain: org.springframework.boot.actuate.autoconfigure.ManagementWebSecurityAutoConfiguration$LazyEndpointPathRequestMatcher@67f63d26, [org.springframework.security.web.context.request.async.WebAsyncManagerIntegrationFilter@536b71b4, org.springframework.security.web.context.SecurityContextPersistenceFilter@3965bdf9, org.springframework.security.web.header.HeaderWriterFilter@40c2ce52, org.springframework.web.filter.CorsFilter@789c3057, org.springframework.security.web.authentication.logout.LogoutFilter@682abca7, org.springframework.security.web.authentication.www.BasicAuthenticationFilter@35b17c06, org.springframework.security.web.savedrequest.RequestCacheAwareFilter@1860f3be, org.springframework.security.web.servletapi.SecurityContextHolderAwareRequestFilter@7980cf2c, org.springframework.security.web.authentication.AnonymousAuthenticationFilter@39941489, org.springframework.security.web.session.SessionManagementFilter@5d0b0cb9, org.springframework.security.web.access.ExceptionTranslationFilter@cedee22, org.springframework.security.web.access.intercept.FilterSecurityInterceptor@79696332]
2018-12-11 11:18:14.790 [main] INFO  o.s.s.web.DefaultSecurityFilterChain -Creating filter chain: OrRequestMatcher [requestMatchers=[Ant [pattern='/**']]], [org.springframework.security.web.context.request.async.WebAsyncManagerIntegrationFilter@2f677247, org.springframework.security.web.context.SecurityContextPersistenceFilter@1f9d4b0e, org.springframework.security.web.header.HeaderWriterFilter@4c3de38e, org.springframework.security.web.authentication.logout.LogoutFilter@ac91282, org.springframework.security.web.authentication.www.BasicAuthenticationFilter@7f79edee, org.springframework.security.web.savedrequest.RequestCacheAwareFilter@1e8fb66f, org.springframework.security.web.servletapi.SecurityContextHolderAwareRequestFilter@3d8d17a3, org.springframework.security.web.authentication.AnonymousAuthenticationFilter@43f03c23, org.springframework.security.web.session.SessionManagementFilter@74b86971, org.springframework.security.web.access.ExceptionTranslationFilter@4538856f, org.springframework.security.web.access.intercept.FilterSecurityInterceptor@47829d6d]
2018-12-11 11:18:14.971 [main] INFO  o.s.u.f.SpringTemplateLoader -SpringTemplateLoader for FreeMarker: using resource loader [org.springframework.boot.context.embedded.AnnotationConfigEmbeddedWebApplicationContext@61c9c3fd: startup date [Tue Dec 11 11:18:10 CST 2018]; parent: org.springframework.context.annotation.AnnotationConfigApplicationContext@1165b38] and template loader path [classpath:/templates/]
2018-12-11 11:18:14.972 [main] INFO  o.s.w.s.v.f.FreeMarkerConfigurer -ClassTemplateLoader for Spring macros added to FreeMarker configuration
2018-12-11 11:18:15.069 [main] INFO  o.s.c.n.eureka.InstanceInfoFactory -Setting initial instance status as: STARTING
2018-12-11 11:18:15.097 [main] INFO  c.netflix.discovery.DiscoveryClient -Initializing Eureka in region us-east-1
2018-12-11 11:18:15.097 [main] INFO  c.netflix.discovery.DiscoveryClient -Client configured to neither register nor query for data.
2018-12-11 11:18:15.101 [main] INFO  c.netflix.discovery.DiscoveryClient -Discovery Client initialized at timestamp 1544498295101 with initial instances count: 0
2018-12-11 11:18:15.153 [main] INFO  c.n.e.DefaultEurekaServerContext -Initializing ...
2018-12-11 11:18:15.155 [main] INFO  c.n.eureka.cluster.PeerEurekaNodes -Adding new peer nodes [http://backup2:7999/eureka/]
2018-12-11 11:18:15.565 [main] INFO  c.n.d.p.DiscoveryJerseyProvider -Using JSON encoding codec LegacyJacksonJson
2018-12-11 11:18:15.565 [main] INFO  c.n.d.p.DiscoveryJerseyProvider -Using JSON decoding codec LegacyJacksonJson
2018-12-11 11:18:15.565 [main] INFO  c.n.d.p.DiscoveryJerseyProvider -Using XML encoding codec XStreamXml
2018-12-11 11:18:15.565 [main] INFO  c.n.d.p.DiscoveryJerseyProvider -Using XML decoding codec XStreamXml
2018-12-11 11:18:15.684 [main] INFO  c.n.eureka.cluster.PeerEurekaNodes -Replica node URL:  http://backup2:7999/eureka/
2018-12-11 11:18:15.691 [main] INFO  c.n.e.r.AbstractInstanceRegistry -Finished initializing remote region registries. All known remote regions: []
2018-12-11 11:18:15.691 [main] INFO  c.n.e.DefaultEurekaServerContext -Initialized
2018-12-11 11:18:15.786 [main] INFO  o.s.j.e.a.AnnotationMBeanExporter -Registering beans for JMX exposure on startup
2018-12-11 11:18:15.795 [main] INFO  o.s.j.e.a.AnnotationMBeanExporter -Bean with name 'environmentManager' has been autodetected for JMX exposure
2018-12-11 11:18:15.798 [main] INFO  o.s.j.e.a.AnnotationMBeanExporter -Bean with name 'configurationPropertiesRebinder' has been autodetected for JMX exposure
2018-12-11 11:18:15.799 [main] INFO  o.s.j.e.a.AnnotationMBeanExporter -Bean with name 'refreshEndpoint' has been autodetected for JMX exposure
2018-12-11 11:18:15.799 [main] INFO  o.s.j.e.a.AnnotationMBeanExporter -Bean with name 'restartEndpoint' has been autodetected for JMX exposure
2018-12-11 11:18:15.800 [main] INFO  o.s.j.e.a.AnnotationMBeanExporter -Bean with name 'serviceRegistryEndpoint' has been autodetected for JMX exposure
2018-12-11 11:18:15.801 [main] INFO  o.s.j.e.a.AnnotationMBeanExporter -Bean with name 'refreshScope' has been autodetected for JMX exposure
2018-12-11 11:18:15.803 [main] INFO  o.s.j.e.a.AnnotationMBeanExporter -Located managed bean 'environmentManager': registering with JMX server as MBean [org.springframework.cloud.context.environment:name=environmentManager,type=EnvironmentManager]
2018-12-11 11:18:15.818 [main] INFO  o.s.j.e.a.AnnotationMBeanExporter -Located managed bean 'restartEndpoint': registering with JMX server as MBean [org.springframework.cloud.context.restart:name=restartEndpoint,type=RestartEndpoint]
2018-12-11 11:18:15.826 [main] INFO  o.s.j.e.a.AnnotationMBeanExporter -Located managed bean 'serviceRegistryEndpoint': registering with JMX server as MBean [org.springframework.cloud.client.serviceregistry.endpoint:name=serviceRegistryEndpoint,type=ServiceRegistryEndpoint]
2018-12-11 11:18:15.832 [main] INFO  o.s.j.e.a.AnnotationMBeanExporter -Located managed bean 'refreshScope': registering with JMX server as MBean [org.springframework.cloud.context.scope.refresh:name=refreshScope,type=RefreshScope]
2018-12-11 11:18:15.841 [main] INFO  o.s.j.e.a.AnnotationMBeanExporter -Located managed bean 'configurationPropertiesRebinder': registering with JMX server as MBean [org.springframework.cloud.context.properties:name=configurationPropertiesRebinder,context=61c9c3fd,type=ConfigurationPropertiesRebinder]
2018-12-11 11:18:15.845 [main] INFO  o.s.j.e.a.AnnotationMBeanExporter -Located managed bean 'refreshEndpoint': registering with JMX server as MBean [org.springframework.cloud.endpoint:name=refreshEndpoint,type=RefreshEndpoint]
2018-12-11 11:18:15.846 [main] INFO  o.s.b.a.e.jmx.EndpointMBeanExporter -Registering beans for JMX exposure on startup
2018-12-11 11:18:16.064 [main] INFO  o.s.c.s.DefaultLifecycleProcessor -Starting beans in phase 0
2018-12-11 11:18:16.064 [main] INFO  o.s.c.n.e.s.EurekaServiceRegistry -Registering application eureka-server with eureka with status UP
2018-12-11 11:18:16.066 [main] INFO  o.s.b.a.e.jmx.EndpointMBeanExporter -Located managed bean 'auditEventsEndpoint': registering with JMX server as MBean [org.springframework.boot:type=Endpoint,name=auditEventsEndpoint]
2018-12-11 11:18:16.071 [main] INFO  o.s.b.a.e.jmx.EndpointMBeanExporter -Located managed bean 'archaiusEndpoint': registering with JMX server as MBean [org.springframework.boot:type=Endpoint,name=archaiusEndpoint]
2018-12-11 11:18:16.077 [main] INFO  o.s.b.a.e.jmx.EndpointMBeanExporter -Located managed bean 'featuresEndpoint': registering with JMX server as MBean [org.springframework.boot:type=Endpoint,name=featuresEndpoint]
2018-12-11 11:18:16.079 [main] INFO  o.s.b.a.e.jmx.EndpointMBeanExporter -Located managed bean 'requestMappingEndpoint': registering with JMX server as MBean [org.springframework.boot:type=Endpoint,name=requestMappingEndpoint]
2018-12-11 11:18:16.081 [main] INFO  o.s.b.a.e.jmx.EndpointMBeanExporter -Located managed bean 'environmentEndpoint': registering with JMX server as MBean [org.springframework.boot:type=Endpoint,name=environmentEndpoint]
2018-12-11 11:18:16.083 [main] INFO  o.s.b.a.e.jmx.EndpointMBeanExporter -Located managed bean 'healthEndpoint': registering with JMX server as MBean [org.springframework.boot:type=Endpoint,name=healthEndpoint]
2018-12-11 11:18:16.085 [main] INFO  o.s.b.a.e.jmx.EndpointMBeanExporter -Located managed bean 'beansEndpoint': registering with JMX server as MBean [org.springframework.boot:type=Endpoint,name=beansEndpoint]
2018-12-11 11:18:16.086 [main] INFO  o.s.b.a.e.jmx.EndpointMBeanExporter -Located managed bean 'infoEndpoint': registering with JMX server as MBean [org.springframework.boot:type=Endpoint,name=infoEndpoint]
2018-12-11 11:18:16.089 [main] INFO  o.s.b.a.e.jmx.EndpointMBeanExporter -Located managed bean 'loggersEndpoint': registering with JMX server as MBean [org.springframework.boot:type=Endpoint,name=loggersEndpoint]
2018-12-11 11:18:16.094 [main] INFO  o.s.b.a.e.jmx.EndpointMBeanExporter -Located managed bean 'metricsEndpoint': registering with JMX server as MBean [org.springframework.boot:type=Endpoint,name=metricsEndpoint]
2018-12-11 11:18:16.096 [main] INFO  o.s.b.a.e.jmx.EndpointMBeanExporter -Located managed bean 'traceEndpoint': registering with JMX server as MBean [org.springframework.boot:type=Endpoint,name=traceEndpoint]
2018-12-11 11:18:16.098 [main] INFO  o.s.b.a.e.jmx.EndpointMBeanExporter -Located managed bean 'dumpEndpoint': registering with JMX server as MBean [org.springframework.boot:type=Endpoint,name=dumpEndpoint]
2018-12-11 11:18:16.100 [main] INFO  o.s.b.a.e.jmx.EndpointMBeanExporter -Located managed bean 'autoConfigurationReportEndpoint': registering with JMX server as MBean [org.springframework.boot:type=Endpoint,name=autoConfigurationReportEndpoint]
2018-12-11 11:18:16.101 [main] INFO  o.s.b.a.e.jmx.EndpointMBeanExporter -Located managed bean 'configurationPropertiesReportEndpoint': registering with JMX server as MBean [org.springframework.boot:type=Endpoint,name=configurationPropertiesReportEndpoint]
2018-12-11 11:18:16.103 [Thread-11] INFO  o.s.c.n.e.s.EurekaServerBootstrap -Setting the eureka configuration..
2018-12-11 11:18:16.103 [Thread-11] INFO  o.s.c.n.e.s.EurekaServerBootstrap -Eureka data center value eureka.datacenter is not set, defaulting to default
2018-12-11 11:18:16.104 [Thread-11] INFO  o.s.c.n.e.s.EurekaServerBootstrap -Eureka environment value eureka.environment is not set, defaulting to test
2018-12-11 11:18:16.114 [Thread-11] INFO  o.s.c.n.e.s.EurekaServerBootstrap -isAws returned false
2018-12-11 11:18:16.115 [Thread-11] INFO  o.s.c.n.e.s.EurekaServerBootstrap -Initialized server context
2018-12-11 11:18:16.115 [Thread-11] INFO  c.n.e.r.PeerAwareInstanceRegistryImpl -Got 1 instances from neighboring DS node
2018-12-11 11:18:16.115 [Thread-11] INFO  c.n.e.r.PeerAwareInstanceRegistryImpl -Renew threshold is: 1
2018-12-11 11:18:16.115 [Thread-11] INFO  c.n.e.r.PeerAwareInstanceRegistryImpl -Changing status to UP
2018-12-11 11:18:16.119 [Thread-11] INFO  o.s.c.n.e.s.EurekaServerInitializerConfiguration -Started Eureka Server
2018-12-11 11:18:16.132 [main] INFO  o.a.coyote.http11.Http11NioProtocol -Initializing ProtocolHandler ["http-nio-7998"]
2018-12-11 11:18:16.141 [main] INFO  o.a.coyote.http11.Http11NioProtocol -Starting ProtocolHandler ["http-nio-7998"]
2018-12-11 11:18:16.190 [main] INFO  o.a.tomcat.util.net.NioSelectorPool -Using a shared selector for servlet write/read
2018-12-11 11:18:16.208 [main] INFO  o.s.b.c.e.t.TomcatEmbeddedServletContainer -Tomcat started on port(s): 7998 (http)
2018-12-11 11:18:16.209 [main] INFO  o.s.c.n.e.s.EurekaAutoServiceRegistration -Updating port to 7998
2018-12-11 11:18:16.213 [main] INFO  com.nextsgo.EurekaServerMaster -Started EurekaServerMaster in 7.671 seconds (JVM running for 8.737)
2018-12-11 11:18:41.877 [http-nio-7998-exec-1] INFO  o.a.c.c.C.[Tomcat].[localhost].[/] -Initializing Spring FrameworkServlet 'dispatcherServlet'
2018-12-11 11:18:41.877 [http-nio-7998-exec-1] INFO  o.s.web.servlet.DispatcherServlet -FrameworkServlet 'dispatcherServlet': initialization started
2018-12-11 11:18:41.905 [http-nio-7998-exec-1] INFO  o.s.web.servlet.DispatcherServlet -FrameworkServlet 'dispatcherServlet': initialization completed in 28 ms
2018-12-11 11:19:02.114 [RMI TCP Connection(2)-127.0.0.1] INFO  o.s.b.a.SpringApplicationAdminMXBeanRegistrar$SpringApplicationAdmin -Application shutdown requested.
2018-12-11 11:19:02.115 [RMI TCP Connection(2)-127.0.0.1] INFO  o.s.b.c.e.AnnotationConfigEmbeddedWebApplicationContext -Closing org.springframework.boot.context.embedded.AnnotationConfigEmbeddedWebApplicationContext@61c9c3fd: startup date [Tue Dec 11 11:18:10 CST 2018]; parent: org.springframework.context.annotation.AnnotationConfigApplicationContext@1165b38
2018-12-11 11:19:02.115 [RMI TCP Connection(2)-127.0.0.1] INFO  o.s.c.n.e.s.EurekaServiceRegistry -Unregistering application eureka-server with eureka with status DOWN
2018-12-11 11:19:02.115 [RMI TCP Connection(2)-127.0.0.1] INFO  c.netflix.discovery.DiscoveryClient -Shutting down DiscoveryClient ...
2018-12-11 11:19:02.115 [RMI TCP Connection(2)-127.0.0.1] INFO  c.netflix.discovery.DiscoveryClient -Completed shut down of DiscoveryClient
2018-12-11 11:19:02.123 [RMI TCP Connection(2)-127.0.0.1] INFO  o.s.c.s.DefaultLifecycleProcessor -Stopping beans in phase 0
2018-12-11 11:19:02.125 [RMI TCP Connection(2)-127.0.0.1] INFO  c.n.e.DefaultEurekaServerContext -Shutting down ...
2018-12-11 11:19:02.129 [RMI TCP Connection(2)-127.0.0.1] INFO  c.n.e.DefaultEurekaServerContext -Shut down
2018-12-11 11:19:02.133 [RMI TCP Connection(2)-127.0.0.1] INFO  o.s.b.a.e.jmx.EndpointMBeanExporter -Unregistering JMX-exposed beans on shutdown
2018-12-11 11:19:02.135 [RMI TCP Connection(2)-127.0.0.1] INFO  o.s.b.a.e.jmx.EndpointMBeanExporter -Unregistering JMX-exposed beans
2018-12-11 11:19:02.136 [RMI TCP Connection(2)-127.0.0.1] INFO  o.s.j.e.a.AnnotationMBeanExporter -Unregistering JMX-exposed beans on shutdown
2018-12-11 11:19:02.149 [RMI TCP Connection(2)-127.0.0.1] INFO  o.s.j.e.a.AnnotationMBeanExporter -Unregistering JMX-exposed beans
2018-12-11 11:19:02.159 [RMI TCP Connection(2)-127.0.0.1] INFO  o.a.coyote.http11.Http11NioProtocol -Pausing ProtocolHandler ["http-nio-7998"]
2018-12-11 11:19:02.516 [RMI TCP Connection(2)-127.0.0.1] INFO  o.a.catalina.core.StandardService -Stopping service [Tomcat]
2018-12-11 11:19:02.523 [localhost-startStop-2] INFO  o.a.c.c.C.[Tomcat].[localhost].[/] -Destroying Spring FrameworkServlet 'dispatcherServlet'
2018-12-11 11:19:02.565 [RMI TCP Connection(2)-127.0.0.1] INFO  o.a.coyote.http11.Http11NioProtocol -Stopping ProtocolHandler ["http-nio-7998"]
2018-12-11 11:19:02.571 [RMI TCP Connection(2)-127.0.0.1] INFO  o.a.coyote.http11.Http11NioProtocol -Destroying ProtocolHandler ["http-nio-7998"]
